<?xml version="1.0" encoding="UTF-8"?>
<testng-results skipped="0" failed="0" ignored="0" total="5" passed="5">
  <reporter-output>
  </reporter-output>
  <suite name="Smoke TestSuite" duration-ms="131" started-at="2021-03-18T05:56:14Z" finished-at="2021-03-18T05:56:14Z">
    <groups>
      <group name="cars">
        <method signature="TestNG_Grouping.testMethod1()[pri:0, instance:TestNGAnnotationsFull.TestNG_Grouping@4157f54e]" name="testMethod1" class="TestNGAnnotationsFull.TestNG_Grouping"/>
        <method signature="TestNG_Grouping.testMethod2()[pri:0, instance:TestNGAnnotationsFull.TestNG_Grouping@4157f54e]" name="testMethod2" class="TestNGAnnotationsFull.TestNG_Grouping"/>
        <method signature="TestNG_Grouping.testMethod4()[pri:0, instance:TestNGAnnotationsFull.TestNG_Grouping@4157f54e]" name="testMethod4" class="TestNGAnnotationsFull.TestNG_Grouping"/>
        <method signature="TestNG_Grouping.testMethod5()[pri:0, instance:TestNGAnnotationsFull.TestNG_Grouping@4157f54e]" name="testMethod5" class="TestNGAnnotationsFull.TestNG_Grouping"/>
      </group> <!-- cars -->
      <group name="suv">
        <method signature="TestNG_Grouping.testMethod4()[pri:0, instance:TestNGAnnotationsFull.TestNG_Grouping@4157f54e]" name="testMethod4" class="TestNGAnnotationsFull.TestNG_Grouping"/>
        <method signature="TestNG_Grouping.testMethod5()[pri:0, instance:TestNGAnnotationsFull.TestNG_Grouping@4157f54e]" name="testMethod5" class="TestNGAnnotationsFull.TestNG_Grouping"/>
      </group> <!-- suv -->
      <group name="hatchback">
        <method signature="TestNG_Grouping.testMethod1()[pri:0, instance:TestNGAnnotationsFull.TestNG_Grouping@4157f54e]" name="testMethod1" class="TestNGAnnotationsFull.TestNG_Grouping"/>
        <method signature="TestNG_Grouping.testMethod2()[pri:0, instance:TestNGAnnotationsFull.TestNG_Grouping@4157f54e]" name="testMethod2" class="TestNGAnnotationsFull.TestNG_Grouping"/>
      </group> <!-- hatchback -->
      <group name="bike">
        <method signature="TestNG_Grouping.testMethod3()[pri:0, instance:TestNGAnnotationsFull.TestNG_Grouping@4157f54e]" name="testMethod3" class="TestNGAnnotationsFull.TestNG_Grouping"/>
      </group> <!-- bike -->
    </groups>
    <test name="Groups demo" duration-ms="131" started-at="2021-03-18T05:56:14Z" finished-at="2021-03-18T05:56:14Z">
      <class name="TestNGAnnotationsFull.TestNG_Grouping">
        <test-method status="PASS" signature="beforeSuite()[pri:0, instance:TestNGAnnotationsFull.TestNG_Grouping@4157f54e]" name="beforeSuite" is-config="true" duration-ms="29" started-at="2021-03-18T11:26:14Z" finished-at="2021-03-18T11:26:14Z">
          <reporter-output>
          </reporter-output>
        </test-method> <!-- beforeSuite -->
        <test-method status="PASS" signature="beforeTest()[pri:0, instance:TestNGAnnotationsFull.TestNG_Grouping@4157f54e]" name="beforeTest" is-config="true" duration-ms="0" started-at="2021-03-18T11:26:14Z" finished-at="2021-03-18T11:26:14Z">
          <reporter-output>
          </reporter-output>
        </test-method> <!-- beforeTest -->
        <test-method status="PASS" signature="beforeClassMethod()[pri:0, instance:TestNGAnnotationsFull.TestNG_Grouping@4157f54e]" name="beforeClassMethod" is-config="true" duration-ms="1" started-at="2021-03-18T11:26:14Z" finished-at="2021-03-18T11:26:14Z">
          <reporter-output>
          </reporter-output>
        </test-method> <!-- beforeClassMethod -->
        <test-method status="PASS" signature="testMethod1()[pri:0, instance:TestNGAnnotationsFull.TestNG_Grouping@4157f54e]" name="testMethod1" duration-ms="23" started-at="2021-03-18T11:26:14Z" finished-at="2021-03-18T11:26:14Z">
          <reporter-output>
          </reporter-output>
        </test-method> <!-- testMethod1 -->
        <test-method status="PASS" signature="testMethod2()[pri:0, instance:TestNGAnnotationsFull.TestNG_Grouping@4157f54e]" name="testMethod2" duration-ms="2" started-at="2021-03-18T11:26:14Z" finished-at="2021-03-18T11:26:14Z">
          <reporter-output>
          </reporter-output>
        </test-method> <!-- testMethod2 -->
        <test-method status="PASS" signature="testMethod3()[pri:0, instance:TestNGAnnotationsFull.TestNG_Grouping@4157f54e]" name="testMethod3" duration-ms="1" started-at="2021-03-18T11:26:14Z" finished-at="2021-03-18T11:26:14Z">
          <reporter-output>
          </reporter-output>
        </test-method> <!-- testMethod3 -->
        <test-method status="PASS" signature="testMethod4()[pri:0, instance:TestNGAnnotationsFull.TestNG_Grouping@4157f54e]" name="testMethod4" duration-ms="1" started-at="2021-03-18T11:26:14Z" finished-at="2021-03-18T11:26:14Z">
          <reporter-output>
          </reporter-output>
        </test-method> <!-- testMethod4 -->
        <test-method status="PASS" signature="testMethod5()[pri:0, instance:TestNGAnnotationsFull.TestNG_Grouping@4157f54e]" name="testMethod5" duration-ms="36" started-at="2021-03-18T11:26:14Z" finished-at="2021-03-18T11:26:14Z">
          <reporter-output>
          </reporter-output>
        </test-method> <!-- testMethod5 -->
        <test-method status="PASS" signature="afterClassMethod()[pri:0, instance:TestNGAnnotationsFull.TestNG_Grouping@4157f54e]" name="afterClassMethod" is-config="true" duration-ms="0" started-at="2021-03-18T11:26:14Z" finished-at="2021-03-18T11:26:14Z">
          <reporter-output>
          </reporter-output>
        </test-method> <!-- afterClassMethod -->
        <test-method status="PASS" signature="afterTest()[pri:0, instance:TestNGAnnotationsFull.TestNG_Grouping@4157f54e]" name="afterTest" is-config="true" duration-ms="6" started-at="2021-03-18T11:26:14Z" finished-at="2021-03-18T11:26:14Z">
          <reporter-output>
          </reporter-output>
        </test-method> <!-- afterTest -->
      </class> <!-- TestNGAnnotationsFull.TestNG_Grouping -->
    </test> <!-- Groups demo -->
  </suite> <!-- Smoke TestSuite -->
</testng-results>
