<?xml version="1.0" encoding="UTF-8"?>
<!-- Generated by org.testng.reporters.JUnitXMLReporter -->
<testsuite hostname="DESKTOP-9U807NB" ignored="0" name="Groups demo" tests="5" failures="0" timestamp="18 Mar 2021 05:56:14 GMT" time="0.131" errors="0">
  <testcase name="testMethod1" time="0.023" classname="TestNGAnnotationsFull.TestNG_Grouping"/>
  <testcase name="testMethod2" time="0.002" classname="TestNGAnnotationsFull.TestNG_Grouping"/>
  <testcase name="testMethod3" time="0.001" classname="TestNGAnnotationsFull.TestNG_Grouping"/>
  <testcase name="testMethod4" time="0.001" classname="TestNGAnnotationsFull.TestNG_Grouping"/>
  <testcase name="testMethod5" time="0.036" classname="TestNGAnnotationsFull.TestNG_Grouping"/>
</testsuite> <!-- Groups demo -->
